/
/favicon.ico
/chat?user=calen&message=hello
/favicon.ico
/
/favicon.ico
/chat?user=calen&message=hello
/favicon.ico
/chat?user=calen&message=helloo
/favicon.ico
/chat?user=joe&message=helloo
/favicon.ico
/chat?user=joe&message=helloo
/favicon.ico
/chat?user=joe&message=hellooooo
/favicon.ico
/chat?user=joe&message=he
/favicon.ico
/chat?user=calen&message=hello
/favicon.ico
/search?user=calen
/favicon.ico
/search?user=joe
/favicon.ico
/chat?user=calen&message=%F0%9F%98%84
/favicon.ico
/chat?user=calen&message=%F0%9F%98%87
/favicon.ico
/chat?user=calen&message=%F0%9F%98%8E
/favicon.ico
/chat?user=calen&message=%F0%9F%98%8E
/favicon.ico
/chat?user=calen&message=%F0%9F%98%8E
/favicon.ico
/search?user=calen
/favicon.ico
/chat?user=calen&message=%F0%9F%98%8E
/favicon.ico
/search?user=calen
/favicon.ico
/chat?user=calen&message=%F0%9F%98%8E
/favicon.ico
/chat?user=calen&message=%F0%9F%A5%B9
/favicon.ico
/chat?user=calen&message=hey!
/favicon.ico
/search?user=calen
/favicon.ico
/chat?user=calen&message=%F0%9F%A5%BA
/favicon.ico
/search?user=calen
/favicon.ico
/search?user=calen
/favicon.ico
/search?user=calen
/favicon.ico
/search?user=calen
/favicon.ico
/chat?user=calen&message=%F0%9F%A5%BA
/favicon.ico
/chat?user=calen&message=hey!
/favicon.ico
/chat?user=calen&message=hi!
/favicon.ico
/search?user=calen
/favicon.ico
/chat?user=calen&message=%F0%9F%98%82
/favicon.ico
/chat?user=calen&message=hey!
/favicon.ico
/search?user=calen
/favicon.ico
/chat?user=calen&message=%F0%9F%98%82
/favicon.ico
/chat?user=calen&message=%F0%9F%A5%B9
/favicon.ico
/chat?user=calen&message=hhhhhh!!!!!!!!
/favicon.ico
/search?user=calen
/favicon.ico
/chat?user=calen&message=%F0%9F%98%82
/favicon.ico
/chat?user=calen&message=hey!!!
/favicon.ico
/search?user=calen
/favicon.ico
/kawaii?user=calen
/favicon.ico
/kawaii?user=calen
/favicon.ico
/chat?user=calen&message=%F0%9F%98%8E
/favicon.ico
/chat?user=calen&message=hhhh!!!!
/favicon.ico
/kawaii?user=calen
/favicon.ico
